Cloning from git@github.com:Allyn69/arrowinachiles.git
Using SSH key ssh-rsa 4096 67:5c:6b:37:b3:41:92:36:38:a9:7b:81:8a:74:3a:c0
Enumerating objects: 153, done.
Counting objects:   0% (1/153)
Counting objects:   1% (2/153)
Counting objects:   2% (4/153)
Counting objects:   3% (5/153)
Counting objects:   4% (7/153)
Counting objects:   5% (8/153)
Counting objects:   6% (10/153)
Counting objects:   7% (11/153)
Counting objects:   8% (13/153)
Counting objects:   9% (14/153)
Counting objects:  10% (16/153)
Counting objects:  11% (17/153)
Counting objects:  12% (19/153)
Counting objects:  13% (20/153)
Counting objects:  14% (22/153)
Counting objects:  15% (23/153)
Counting objects:  16% (25/153)
Counting objects:  17% (27/153)Counting objects:  18% (28/153)
Counting objects:  19% (30/153)
Counting objects:  20% (31/153)
Counting objects:  21% (33/153)
Counting objects:  22% (34/153)
Counting objects:  23% (36/153)
Counting objects:  24% (37/153)
Counting objects:  25% (39/153)
Counting objects:  26% (40/153)
Counting objects:  27% (42/153)
Counting objects:  28% (43/153)
Counting objects:  29% (45/153)
Counting objects:  30% (46/153)
Counting objects:  31% (48/153)
Counting objects:  32% (49/153)
Counting objects:  33% (51/153)
Counting objects:  34% (53/153)
Counting objects:  35% (54/153)
Counting objects:  36% (56/153)
Counting objects:  37% (57/153)
Counting objects:  38% (59/153)
Counting objects:  39% (60/153)
Counting objects:  40% (62/153)
Counting objects:  41% (63/153)
Counting objects:  42% (65/153)
Counting objects:  43% (66/153)
Counting objects:  44% (68/153)
Counting objects:  45% (69/153)
Counting objects:  46% (71/153)
Counting objects:  47% (72/153)
Counting objects:  48% (74/153)
Counting objects:  49% (75/153)
Counting objects:  50% (77/153)
Counting objects:  51% (79/153)
Counting objects:  52% (80/153)
Counting objects:  53% (82/153)
Counting objects:  54% (83/153)
Counting objects:  55% (85/153)
Counting objects:  56% (86/153)
Counting objects:  57% (88/153)
Counting objects:  58% (89/153)
Counting objects:  59% (91/153)
Counting objects:  60% (92/153)
Counting objects:  61% (94/153)
Counting objects:  62% (95/153)
Counting objects:  63% (97/153)
Counting objects:  64% (98/153)
Counting objects:  65% (100/153)
Counting objects:  66% (101/153)
Counting objects:  67% (103/153)
Counting objects:  68% (105/153)
Counting objects:  69% (106/153)
Counting objects:  70% (108/153)
Counting objects:  71% (109/153)
Counting objects:  72% (111/153)
Counting objects:  73% (112/153)
Counting objects:  74% (114/153)
Counting objects:  75% (115/153)
Counting objects:  76% (117/153)
Counting objects:  77% (118/153)
Counting objects:  78% (120/153)
Counting objects:  79% (121/153)
Counting objects:  80% (123/153)
Counting objects:  81% (124/153)
Counting objects:  82% (126/153)
Counting objects:  83% (127/153)
Counting objects:  84% (129/153)
Counting objects:  85% (131/153)
Counting objects:  86% (132/153)
Counting objects:  87% (134/153)
Counting objects:  88% (135/153)
Counting objects:  89% (137/153)
Counting objects:  90% (138/153)
Counting objects:  91% (140/153)
Counting objects:  92% (141/153)
Counting objects:  93% (143/153)
Counting objects:  94% (144/153)
Counting objects:  95% (146/153)
Counting objects:  96% (147/153)
Counting objects:  97% (149/153)
Counting objects:  98% (150/153)
Counting objects:  99% (152/153)
Counting objects: 100% (153/153)
Counting objects: 100% (153/153), done.
Compressing objects:   0% (1/144)
Compressing objects:   1% (2/144)Compressing objects:   2% (3/144)
Compressing objects:   3% (5/144)
Compressing objects:   4% (6/144)
Compressing objects:   5% (8/144)
Compressing objects:   6% (9/144)
Compressing objects:   7% (11/144)
Compressing objects:   8% (12/144)
Compressing objects:   9% (13/144)
Compressing objects:  10% (15/144)
Compressing objects:  11% (16/144)
Compressing objects:  12% (18/144)
Compressing objects:  13% (19/144)
Compressing objects:  14% (21/144)
Compressing objects:  15% (22/144)
Compressing objects:  16% (24/144)
Compressing objects:  17% (25/144)
Compressing objects:  18% (26/144)
Compressing objects:  19% (28/144)
Compressing objects:  20% (29/144)
Compressing objects:  21% (31/144)
Compressing objects:  22% (32/144)
Compressing objects:  23% (34/144)
Compressing objects:  24% (35/144)
Compressing objects:  25% (36/144)
Compressing objects:  26% (38/144)
Compressing objects:  27% (39/144)
Compressing objects:  28% (41/144)
Compressing objects:  29% (42/144)
Compressing objects:  30% (44/144)
Compressing objects:  31% (45/144)
Compressing objects:  32% (47/144)
Compressing objects:  33% (48/144)
Compressing objects:  34% (49/144)
Compressing objects:  35% (51/144)
Compressing objects:  36% (52/144)
Compressing objects:  37% (54/144)
Compressing objects:  38% (55/144)
Compressing objects:  39% (57/144)
Compressing objects:  40% (58/144)
Compressing objects:  41% (60/144)
Compressing objects:  42% (61/144)
Compressing objects:  43% (62/144)
Compressing objects:  44% (64/144)
Compressing objects:  45% (65/144)
Compressing objects:  46% (67/144)Compressing objects:  47% (68/144)
Compressing objects:  48% (70/144)
Compressing objects:  49% (71/144)
Compressing objects:  50% (72/144)
Compressing objects:  51% (74/144)
Compressing objects:  52% (75/144)
Compressing objects:  53% (77/144)
Compressing objects:  54% (78/144)
Compressing objects:  55% (80/144)
Compressing objects:  56% (81/144)
Compressing objects:  57% (83/144)
Compressing objects:  58% (84/144)
Compressing objects:  59% (85/144)
Compressing objects:  60% (87/144)
Compressing objects:  61% (88/144)
Compressing objects:  62% (90/144)
Compressing objects:  63% (91/144)
Compressing objects:  64% (93/144)
Compressing objects:  65% (94/144)
Compressing objects:  66% (96/144)
Compressing objects:  67% (97/144)
Compressing objects:  68% (98/144)
Compressing objects:  69% (100/144)
Compressing objects:  70% (101/144)
Compressing objects:  71% (103/144)
Compressing objects:  72% (104/144)
Compressing objects:  73% (106/144)
Compressing objects:  74% (107/144)
Compressing objects:  75% (108/144)
Compressing objects:  76% (110/144)
Compressing objects:  77% (111/144)
Compressing objects:  78% (113/144)
Compressing objects:  79% (114/144)
Compressing objects:  80% (116/144)Compressing objects:  81% (117/144)
Compressing objects:  82% (119/144)
Compressing objects:  83% (120/144)
Compressing objects:  84% (121/144)
Compressing objects:  85% (123/144)
Compressing objects:  86% (124/144)
Compressing objects:  87% (126/144)
Compressing objects:  88% (127/144)
Compressing objects:  89% (129/144)
Compressing objects:  90% (130/144)
Compressing objects:  91% (132/144)
Compressing objects:  92% (133/144)
Compressing objects:  93% (134/144)
Compressing objects:  94% (136/144)
Compressing objects:  95% (137/144)
Compressing objects:  96% (139/144)
Compressing objects:  97% (140/144)
Compressing objects:  98% (142/144)
Compressing objects:  99% (143/144)Compressing objects: 100% (144/144)
Compressing objects: 100% (144/144), done.
Total 153 (delta 40), reused 0 (delta 0), pack-reused 0
